<?xml version="1.0" encoding="UTF-8"?>
<!-- Generated by org.testng.reporters.JUnitReportReporter -->
<testsuite hostname="DESKTOP-NAPQTA4" failures="0" tests="1" name="com.learnautomation.testcases.LoginFBTest" time="0.517" errors="0" timestamp="2020-11-09T11:00:04 PST" skipped="0">
  <testcase classname="com.learnautomation.testcases.LoginFBTest" name="loginApp" time="0.517"/>
  <system-out/>
</testsuite> <!-- com.learnautomation.testcases.LoginFBTest -->
